<?xml version="1.0" encoding="UTF-8"?>
<!-- Generated by org.testng.reporters.JUnitXMLReporter -->
<testsuite ignored="1" hostname="DESKTOP-FKH366F" failures="0" tests="1" name="Default test" time="479.502" errors="0" timestamp="11 Apr 2018 20:12:05 GMT">
  <testcase classname="com.qa.tests.GetAPITest" name="getAPITestWithHeaders" time="479.454"/>
  <testcase classname="com.qa.tests.GetAPITest" name="getAPITestwithoutHeaders" time="0.0">
    <ignored/>
  </testcase> <!-- getAPITestwithoutHeaders -->
</testsuite> <!-- Default test -->
