<?xml version="1.0" encoding="UTF-8"?>
<testng-results ignored="1" total="2" passed="1" failed="0" skipped="0">
  <reporter-output>
  </reporter-output>
  <suite started-at="2018-04-11T20:04:06Z" name="Default suite" finished-at="2018-04-11T20:12:05Z" duration-ms="479502">
    <groups>
    </groups>
    <test started-at="2018-04-11T20:04:06Z" name="Default test" finished-at="2018-04-11T20:12:05Z" duration-ms="479502">
      <class name="com.qa.tests.GetAPITest">
        <test-method is-config="true" signature="setUp()[pri:0, instance:com.qa.tests.GetAPITest@1757cd72]" started-at="2018-04-11T16:04:06Z" name="setUp" finished-at="2018-04-11T16:04:06Z" duration-ms="12" status="PASS">
          <reporter-output>
          </reporter-output>
        </test-method> <!-- setUp -->
        <test-method signature="getAPITestWithHeaders()[pri:1, instance:com.qa.tests.GetAPITest@1757cd72]" started-at="2018-04-11T16:04:06Z" name="getAPITestWithHeaders" finished-at="2018-04-11T16:12:05Z" duration-ms="479454" status="PASS">
          <reporter-output>
          </reporter-output>
        </test-method> <!-- getAPITestWithHeaders -->
      </class> <!-- com.qa.tests.GetAPITest -->
    </test> <!-- Default test -->
  </suite> <!-- Default suite -->
</testng-results>
